<?xml version="1.0" encoding="UTF-8"?>
<!-- Generated by org.testng.reporters.JUnitReportReporter -->
<testsuite hostname="EFMSPKL-5271" name="test.enroll.Enroll_rule" tests="4" failures="0" timestamp="24 Feb 2017 02:52:54 GMT" time="3.135" errors="0">
  <testcase name="NavigateToRule" time="1.328" classname="test.enroll.Enroll_rule"/>
  <testcase name="LogoutEnrollment" time="0.323" classname="test.enroll.Enroll_rule"/>
  <testcase name="LoginEnrollment" time="1.483" classname="test.enroll.Enroll_rule"/>
  <testcase name="ValidateRule" time="0.001" classname="test.enroll.Enroll_rule"/>
</testsuite> <!-- test.enroll.Enroll_rule -->
