<?xml version="1.0" encoding="UTF-8"?>
<!-- Generated by org.testng.reporters.JUnitReportReporter -->
<testsuite hostname="EFMSPKL-5271" name="test.enroll.Enroll_rule" tests="4" failures="0" timestamp="7 Mar 2017 21:06:31 GMT" time="2.716" errors="0">
  <testcase name="ValidateRule" time="0.002" classname="test.enroll.Enroll_rule"/>
  <testcase name="LogoutEnrollment" time="0.268" classname="test.enroll.Enroll_rule"/>
  <testcase name="LoginEnrollment" time="1.674" classname="test.enroll.Enroll_rule"/>
  <testcase name="NavigateToRule" time="0.772" classname="test.enroll.Enroll_rule"/>
</testsuite> <!-- test.enroll.Enroll_rule -->
