<?xml version="1.0" encoding="UTF-8"?>
<!-- Generated by org.testng.reporters.JUnitReportReporter -->
<testsuite hostname="EFMSPKL-5271" name="test.google.GSearch" tests="1" failures="0" timestamp="7 Mar 2017 02:24:06 GMT" time="0.005" errors="0">
  <testcase name="GoogleSearch" time="0.005" classname="test.google.GSearch"/>
</testsuite> <!-- test.google.GSearch -->
