<?xml version="1.0" encoding="UTF-8"?>
<!-- Generated by org.testng.reporters.JUnitReportReporter -->
<testsuite hostname="EFMSPKL-5271" name="test.google.GSearch" tests="2" failures="0" timestamp="10 Mar 2017 21:07:49 GMT" time="2.317" errors="0">
  <testcase name="VerifyResult" time="0.058" classname="test.google.GSearch"/>
  <testcase name="GoogleSearch" time="2.259" classname="test.google.GSearch"/>
</testsuite> <!-- test.google.GSearch -->
