<?xml version="1.0" encoding="UTF-8"?>
<!-- Generated by org.testng.reporters.JUnitReportReporter -->
<testsuite hostname="EFMSPKL-5271" name="test.google.GSearch" tests="1" failures="0" timestamp="4 Mar 2017 02:00:20 GMT" time="0.006" errors="0">
  <testcase name="GoogleSearch" time="0.006" classname="test.google.GSearch"/>
</testsuite> <!-- test.google.GSearch -->
