<?xml version="1.0" encoding="UTF-8"?>
<!-- Generated by org.testng.reporters.JUnitReportReporter -->
<testsuite hostname="EFMSPKL-5271" name="test.google.GSearch" tests="2" failures="0" timestamp="10 Mar 2017 01:53:39 GMT" time="1.989" errors="0">
  <testcase name="VerifyResult" time="0.060" classname="test.google.GSearch"/>
  <testcase name="GoogleSearch" time="1.929" classname="test.google.GSearch"/>
</testsuite> <!-- test.google.GSearch -->
