<?xml version="1.0" encoding="UTF-8"?>
<!-- Generated by org.testng.reporters.JUnitReportReporter -->
<testsuite hostname="EFMSPKL-5271" name="test.enroll.Enroll_rule" tests="4" failures="0" timestamp="7 Mar 2017 02:28:52 GMT" time="3.090" errors="0">
  <testcase name="LoginEnrollment" time="1.457" classname="test.enroll.Enroll_rule"/>
  <testcase name="LogoutEnrollment" time="0.322" classname="test.enroll.Enroll_rule"/>
  <testcase name="ValidateRule" time="0.000" classname="test.enroll.Enroll_rule"/>
  <testcase name="NavigateToRule" time="1.311" classname="test.enroll.Enroll_rule"/>
</testsuite> <!-- test.enroll.Enroll_rule -->
