<?xml version="1.0" encoding="UTF-8"?>
<!-- Generated by org.testng.reporters.JUnitReportReporter -->
<testsuite hostname="EFMSPKL-5271" name="test.enroll.Enroll_rule" tests="4" failures="0" timestamp="24 Feb 2017 01:28:16 GMT" time="2.585" errors="0">
  <testcase name="LoginEnrollment" time="1.463" classname="test.enroll.Enroll_rule"/>
  <testcase name="LogoutEnrollment" time="0.319" classname="test.enroll.Enroll_rule"/>
  <testcase name="NavigateToRule" time="0.803" classname="test.enroll.Enroll_rule"/>
  <testcase name="ValidateRule" time="0.000" classname="test.enroll.Enroll_rule"/>
</testsuite> <!-- test.enroll.Enroll_rule -->
